
/home/runner/work/exp-fitting-polynomial-iitb/exp-fitting-polynomial-iitb/experiment/simulation/common_libraries/js/ts_components/collapse_step.js
   1:10  warning  'show_step' is defined but never used                 no-unused-vars
   2:5   warning  '$' is not defined                                    no-undef
   3:9   warning  '$' is not defined                                    no-undef
   6:10  warning  'hide_step' is defined but never used                 no-unused-vars
   7:5   warning  '$' is not defined                                    no-undef
   8:9   warning  '$' is not defined                                    no-undef
  11:10  warning  'get_collapse_btn_text' is defined but never used     no-unused-vars
  20:10  warning  'get_collapse_btn_element' is defined but never used  no-unused-vars
  29:10  warning  'hide_all_steps' is defined but never used            no-unused-vars
  31:9   warning  '$' is not defined                                    no-undef

/home/runner/work/exp-fitting-polynomial-iitb/exp-fitting-polynomial-iitb/experiment/simulation/common_libraries/js/ts_components/matrix.js
   27:26  warning  'MathJax' is not defined                                no-undef
   32:7   warning  'Matrix_Without_String' is defined but never used       no-unused-vars
   52:26  warning  'MathJax' is not defined                                no-undef
   56:10  warning  'get_matrix_html' is defined but never used             no-unused-vars
   87:13  warning  'row_html' is assigned a value but never used           no-unused-vars
   99:10  warning  'get_matrix_html_with_title' is defined but never used  no-unused-vars
  131:13  warning  'row_html' is assigned a value but never used           no-unused-vars
  143:10  warning  'convert_2d_to_1d_vector' is defined but never used     no-unused-vars
  156:10  warning  'convert_1d_to_2d_matrix' is defined but never used     no-unused-vars

/home/runner/work/exp-fitting-polynomial-iitb/exp-fitting-polynomial-iitb/experiment/simulation/common_libraries/js/ts_components/pannel.js
  8:7  warning  'Pannel' is defined but never used  no-unused-vars

/home/runner/work/exp-fitting-polynomial-iitb/exp-fitting-polynomial-iitb/experiment/simulation/common_libraries/js/ts_components/questions.js
   6:17  warning  'op1' is assigned a value but never used      no-unused-vars
   7:17  warning  'op2' is assigned a value but never used      no-unused-vars
   8:17  warning  'op3' is assigned a value but never used      no-unused-vars
   9:17  warning  'op4' is assigned a value but never used      no-unused-vars
  94:7   warning  'Question_Options' is defined but never used  no-unused-vars

/home/runner/work/exp-fitting-polynomial-iitb/exp-fitting-polynomial-iitb/experiment/simulation/common_libraries/js/ts_components/tables.js
   19:22  warning  'verify_values' is not defined                                     no-undef
  137:22  warning  'verify_values' is not defined                                     no-undef
  260:7   warning  'Verify_Rows_Cols_6_decimal_places' is defined but never used      no-unused-vars
  311:22  warning  'verify_values' is not defined                                     no-undef
  416:7   warning  'Verify_Rows_Cols_Custom_Fixed_Update1' is defined but never used  no-unused-vars
  468:7   warning  'Show_Table_Custom_Fixed' is defined but never used                no-unused-vars
  506:7   warning  'Verify_Rows_Cols_Strings' is defined but never used               no-unused-vars
  527:22  warning  'verify_values' is not defined                                     no-undef
  663:7   warning  'Display_Table' is defined but never used                          no-unused-vars

/home/runner/work/exp-fitting-polynomial-iitb/exp-fitting-polynomial-iitb/experiment/simulation/common_libraries/js/ts_math_library/general_math_functions.js
    1:10  warning  'verify_values' is defined but never used                   no-unused-vars
   17:10  warning  'random1' is defined but never used                         no-unused-vars
   21:10  warning  'std_deviation' is defined but never used                   no-unused-vars
   26:10  warning  'gauss' is defined but never used                           no-unused-vars
   56:10  warning  'hide_panel' is defined but never used                      no-unused-vars
   63:10  warning  'inverse_matrix' is defined but never used                  no-unused-vars
   96:10  warning  'matrix_multiplication' is defined but never used           no-unused-vars
  113:10  warning  'transpose_matrix' is defined but never used                no-unused-vars
  123:10  warning  'matrix_multiplication_8decimal' is defined but never used  no-unused-vars
  140:10  warning  'adjoint_2x2_matrix' is defined but never used              no-unused-vars
  145:10  warning  'find_deteminant' is defined but never used                 no-unused-vars
  174:10  warning  'get_Submatrix' is defined but never used                   no-unused-vars

/home/runner/work/exp-fitting-polynomial-iitb/exp-fitting-polynomial-iitb/experiment/simulation/common_libraries/js/ts_math_library/regression.js
   1:10  warning  'regression_linear' is defined but never used            no-unused-vars
  18:10  warning  'regression_linear_1variable' is defined but never used  no-unused-vars
  27:10  warning  'regression_linear_2variable' is defined but never used  no-unused-vars
  52:11  warning  'gauss' is not defined                                   no-undef

/home/runner/work/exp-fitting-polynomial-iitb/exp-fitting-polynomial-iitb/experiment/simulation/common_libraries/math.ob.js
  1:745  warning  'b' is already defined  no-redeclare

/home/runner/work/exp-fitting-polynomial-iitb/exp-fitting-polynomial-iitb/experiment/simulation/js/activity1.js
   29:10   warning  'show_act1' is defined but never used                no-unused-vars
   45:10   warning  'start_act1' is defined but never used               no-unused-vars
   48:20   warning  'get_collapse_btn_text' is not defined               no-undef
   80:5    warning  'hide_all_steps' is not defined                      no-undef
   82:9    warning  'show_step' is not defined                           no-undef
  106:10   warning  'set_n' is defined but never used                    no-unused-vars
  111:9    warning  'N' is not defined                                   no-undef
  116:9    warning  'N' is not defined                                   no-undef
  123:10   warning  'internal_calculations_1' is defined but never used  no-unused-vars
  127:28   warning  'N' is not defined                                   no-undef
  131:5    warning  'beta0' is not defined                               no-undef
  132:5    warning  'beta1' is not defined                               no-undef
  133:5    warning  'beta2' is not defined                               no-undef
  134:5    warning  'beta3' is not defined                               no-undef
  135:5    warning  'beta4' is not defined                               no-undef
  136:30   warning  'beta0' is not defined                               no-undef
  136:50   warning  'beta1' is not defined                               no-undef
  136:70   warning  'beta2' is not defined                               no-undef
  136:90   warning  'beta3' is not defined                               no-undef
  136:110  warning  'beta4' is not defined                               no-undef
  137:5    warning  'Y0' is not defined                                  no-undef
  138:5    warning  'sum_Y' is not defined                               no-undef
  140:25   warning  'x' is not defined                                   no-undef
  141:9    warning  'Y0' is not defined                                  no-undef
  141:17   warning  'beta0' is not defined                               no-undef
  142:13   warning  'beta1' is not defined                               no-undef
  142:21   warning  'x' is not defined                                   no-undef
  143:13   warning  'beta2' is not defined                               no-undef
  143:30   warning  'x' is not defined                                   no-undef
  144:13   warning  'beta3' is not defined                               no-undef
  144:30   warning  'x' is not defined                                   no-undef
  145:13   warning  'beta4' is not defined                               no-undef
  145:30   warning  'x' is not defined                                   no-undef
  147:17   warning  'Y0' is not defined                                  no-undef
  151:22   warning  'Y0' is not defined                                  no-undef
  152:5    warning  'Y' is not defined                                   no-undef
  153:25   warning  'Y0' is not defined                                  no-undef
  155:17   warning  'Y0' is not defined                                  no-undef
  155:25   warning  'Y0' is not defined                                  no-undef
  155:42   warning  'epsilon' is not defined                             no-undef
  156:9    warning  'Y' is not defined                                   no-undef
  157:9    warning  'sum_Y' is not defined                               no-undef
  157:18   warning  'Y' is not defined                                   no-undef
  159:17   warning  'Y' is not defined                                   no-undef
  160:17   warning  'x' is not defined                                   no-undef
  161:17   warning  'Y0' is not defined                                  no-undef
  162:26   warning  'sum_Y' is not defined                               no-undef
  169:5    warning  'x' is not defined                                   no-undef
  170:5    warning  'sum_x' is not defined                               no-undef
  171:25   warning  'N' is not defined                                   no-undef
  176:13   warning  'sum_x' is not defined                               no-undef
  183:5    warning  'x' is not defined                                   no-undef
  184:25   warning  'sum_x' is not defined                               no-undef
  185:17   warning  'x' is not defined                                   no-undef
  190:5    warning  'epsilon' is not defined                             no-undef
  191:25   warning  'N' is not defined                                   no-undef
  196:5    warning  'epsilon' is not defined                             no-undef
  257:22   warning  'MathJax' is not defined                             no-undef
  259:10   warning  'verify_x_y_bar' is defined but never used           no-unused-vars
  265:5    warning  'x_bar_val' is not defined                           no-undef
  265:17   warning  'sum_x' is not defined                               no-undef
  265:25   warning  'N' is not defined                                   no-undef
  266:5    warning  'Y_bar_val' is not defined                           no-undef
  266:17   warning  'sum_Y' is not defined                               no-undef
  266:25   warning  'N' is not defined                                   no-undef
  267:17   warning  'x_bar_val' is not defined                           no-undef
  267:28   warning  'Y_bar_val' is not defined                           no-undef
  268:10   warning  'verify_values' is not defined                       no-undef
  268:53   warning  'x_bar_val' is not defined                           no-undef
  272:10   warning  'verify_values' is not defined                       no-undef
  272:53   warning  'Y_bar_val' is not defined                           no-undef
  280:23   warning  'x_bar_val' is not defined                           no-undef
  281:23   warning  'Y_bar_val' is not defined                           no-undef
  282:5    warning  'activity1_p1' is not defined                        no-undef
  287:25   warning  'Y' is not defined                                   no-undef
  288:21   warning  'x' is not defined                                   no-undef
  289:35   warning  'x' is not defined                                   no-undef
  290:35   warning  'Y' is not defined                                   no-undef

/home/runner/work/exp-fitting-polynomial-iitb/exp-fitting-polynomial-iitb/experiment/simulation/js/activity1_p1.js
   1:10   warning  'activity1_p1' is defined but never used  no-unused-vars
   6:19   warning  'get_collapse_btn_text' is not defined    no-undef
   7:5    warning  'maindiv' is not defined                  no-undef
  19:57   warning  Unnecessary escape character: \×          no-useless-escape
  19:77   warning  Unnecessary escape character: \×          no-useless-escape
  19:97   warning  Unnecessary escape character: \×          no-useless-escape
  19:132  warning  Unnecessary escape character: \×          no-useless-escape
  20:80   warning  Unnecessary escape character: \×          no-useless-escape
  20:100  warning  Unnecessary escape character: \×          no-useless-escape
  20:135  warning  Unnecessary escape character: \×          no-useless-escape
  21:55   warning  Unnecessary escape character: \×          no-useless-escape
  21:75   warning  Unnecessary escape character: \×          no-useless-escape
  21:95   warning  Unnecessary escape character: \×          no-useless-escape
  21:130  warning  Unnecessary escape character: \×          no-useless-escape
  22:55   warning  Unnecessary escape character: \×          no-useless-escape
  22:75   warning  Unnecessary escape character: \×          no-useless-escape
  22:95   warning  Unnecessary escape character: \×          no-useless-escape
  22:130  warning  Unnecessary escape character: \×          no-useless-escape
  24:28   warning  'Question' is not defined                 no-undef
  25:12   warning  Unnecessary escape character: \β          no-useless-escape
  35:5    warning  Unnecessary escape character: \β          no-useless-escape
  42:5    warning  Unnecessary escape character: \β          no-useless-escape
  44:60   warning  'activity1_p2' is not defined             no-undef
  46:9    warning  'MathJax' is not defined                  no-undef
  48:5    warning  'hide_all_steps' is not defined           no-undef
  50:9    warning  'show_step' is not defined                no-undef

/home/runner/work/exp-fitting-polynomial-iitb/exp-fitting-polynomial-iitb/experiment/simulation/js/activity1_p2.js
    3:10  warning  'activity1_p2' is defined but never used      no-unused-vars
    4:19  warning  'get_collapse_btn_text' is not defined        no-undef
    5:5   warning  'maindiv' is not defined                      no-undef
   16:18  warning  Unnecessary escape character: \→              no-useless-escape
   16:28  warning  Unnecessary escape character: \→              no-useless-escape
   16:45  warning  Unnecessary escape character: \→              no-useless-escape
   16:65  warning  Unnecessary escape character: \→              no-useless-escape
   23:18  warning  Unnecessary escape character: \×              no-useless-escape
   24:18  warning  Unnecessary escape character: \×              no-useless-escape
   25:18  warning  Unnecessary escape character: \×              no-useless-escape
   27:18  warning  Unnecessary escape character: \×              no-useless-escape
   40:9   warning  'MathJax' is not defined                      no-undef
   49:5   warning  'X' is not defined                            no-undef
   50:25  warning  'x' is not defined                            no-undef
   51:18  warning  'x' is not defined                            no-undef
   52:27  warning  'x' is not defined                            no-undef
   53:27  warning  'x' is not defined                            no-undef
   54:27  warning  'x' is not defined                            no-undef
   55:9   warning  'X' is not defined                            no-undef
   65:25  warning  'Verify_Rows_Cols' is not defined             no-undef
   65:50  warning  'X' is not defined                            no-undef
   70:5   warning  'hide_all_steps' is not defined               no-undef
   72:9   warning  'show_step' is not defined                    no-undef
   75:10  warning  'show_matrix' is defined but never used       no-unused-vars
   95:19  warning  'Verify_Rows_Cols' is not defined             no-undef
   95:40  warning  'XT_X' is not defined                         no-undef
  105:5   warning  'XT' is not defined                           no-undef
  106:5   warning  'XT_X' is not defined                         no-undef
  107:5   warning  'XT' is not defined                           no-undef
  107:10  warning  'transpose_matrix' is not defined             no-undef
  107:27  warning  'X' is not defined                            no-undef
  108:5   warning  'XT_X' is not defined                         no-undef
  108:12  warning  'matrix_multiplication' is not defined        no-undef
  108:34  warning  'XT' is not defined                           no-undef
  108:38  warning  'X' is not defined                            no-undef
  109:17  warning  'X' is not defined                            no-undef
  110:19  warning  'Matrix' is not defined                       no-undef
  110:31  warning  'X' is not defined                            no-undef
  112:17  warning  'X' is not defined                            no-undef
  113:29  warning  'XT_X' is not defined                         no-undef
  121:19  warning  'Matrix' is not defined                       no-undef
  121:34  warning  'XT_X' is not defined                         no-undef
  125:10  warning  'verify_summation' is defined but never used  no-unused-vars
  135:5   warning  'sum_x' is not defined                        no-undef
  136:5   warning  'sum_Y' is not defined                        no-undef
  137:5   warning  'sum_XX' is not defined                       no-undef
  138:5   warning  'sum_XY' is not defined                       no-undef
  139:25  warning  'X' is not defined                            no-undef
  140:9   warning  'sum_x' is not defined                        no-undef
  140:18  warning  'X' is not defined                            no-undef
  141:9   warning  'sum_Y' is not defined                        no-undef
  141:18  warning  'X' is not defined                            no-undef
  142:9   warning  'sum_XX' is not defined                       no-undef
  142:19  warning  'X' is not defined                            no-undef
  143:9   warning  'sum_XY' is not defined                       no-undef
  143:19  warning  'X' is not defined                            no-undef
  145:17  warning  'sum_x' is not defined                        no-undef
  145:24  warning  'sum_Y' is not defined                        no-undef
  145:31  warning  'sum_XX' is not defined                       no-undef
  145:39  warning  'sum_XY' is not defined                       no-undef
  147:10  warning  'verify_values' is not defined                no-undef
  147:48  warning  'sum_x' is not defined                        no-undef
  151:10  warning  'verify_values' is not defined                no-undef
  151:48  warning  'sum_Y' is not defined                        no-undef
  155:10  warning  'verify_values' is not defined                no-undef
  155:48  warning  'sum_XX' is not defined                       no-undef
  159:10  warning  'verify_values' is not defined                no-undef
  159:48  warning  'sum_XY' is not defined                       no-undef
  169:22  warning  'sum_x' is not defined                        no-undef
  170:22  warning  'sum_Y' is not defined                        no-undef
  171:22  warning  'sum_XX' is not defined                       no-undef
  172:22  warning  'sum_XY' is not defined                       no-undef

/home/runner/work/exp-fitting-polynomial-iitb/exp-fitting-polynomial-iitb/experiment/simulation/js/activity1_p3.js
   2:10  warning  'activity1_p3' is defined but never used  no-unused-vars
   3:19  warning  'get_collapse_btn_text' is not defined    no-undef
  23:5   warning  'maindiv' is not defined                  no-undef
  42:5   warning  'XT_X_1' is not defined                   no-undef
  43:5   warning  'XT_X_1' is not defined                   no-undef
  43:14  warning  'inverse_matrix' is not defined           no-undef
  43:29  warning  'XT_X' is not defined                     no-undef
  44:27  warning  'Verify_Rows_Cols' is not defined         no-undef
  44:48  warning  'XT_X_1' is not defined                   no-undef
  47:5   warning  'hide_all_steps' is not defined           no-undef
  49:9   warning  'show_step' is not defined                no-undef
  57:5   warning  'XT_X_1_XT' is not defined                no-undef
  58:5   warning  'XT_X_1_XT' is not defined                no-undef
  58:17  warning  'matrix_multiplication' is not defined    no-undef
  58:39  warning  'XT_X_1' is not defined                   no-undef
  58:47  warning  'XT' is not defined                       no-undef
  59:19  warning  'Matrix' is not defined                   no-undef
  59:41  warning  'XT_X_1' is not defined                   no-undef
  62:10  warning  'next_matrix' is defined but never used   no-unused-vars
  71:19  warning  'Matrix' is not defined                   no-undef
  71:33  warning  'XT' is not defined                       no-undef
  86:27  warning  'Verify_Rows_Cols' is not defined         no-undef
  86:48  warning  'XT_X_1_XT' is not defined                no-undef
  96:19  warning  'Matrix' is not defined                   no-undef
  96:44  warning  'XT_X_1_XT' is not defined                no-undef
  99:10  warning  'after_verify' is defined but never used  no-unused-vars

/home/runner/work/exp-fitting-polynomial-iitb/exp-fitting-polynomial-iitb/experiment/simulation/js/activity1_p4.js
   1:10  warning  'activity1_p4' is defined but never used  no-unused-vars
   4:19  warning  'get_collapse_btn_text' is not defined    no-undef
   5:5   warning  'maindiv' is not defined                  no-undef
  26:9   warning  'MathJax' is not defined                  no-undef
  33:21  warning  'Matrix' is not defined                   no-undef
  33:33  warning  'Y' is not defined                        no-undef
  35:5   warning  'beta_cap' is not defined                 no-undef
  35:16  warning  'matrix_multiplication' is not defined    no-undef
  35:38  warning  'XT_X_1_XT' is not defined                no-undef
  35:49  warning  'Y' is not defined                        no-undef
  36:5   warning  'beta_cap0' is not defined                no-undef
  36:17  warning  'beta_cap' is not defined                 no-undef
  37:5   warning  'beta_cap1' is not defined                no-undef
  37:17  warning  'beta_cap' is not defined                 no-undef
  38:5   warning  'beta_cap2' is not defined                no-undef
  38:17  warning  'beta_cap' is not defined                 no-undef
  39:5   warning  'beta_cap3' is not defined                no-undef
  39:17  warning  'beta_cap' is not defined                 no-undef
  40:5   warning  'beta_cap4' is not defined                no-undef
  40:17  warning  'beta_cap' is not defined                 no-undef
  41:24  warning  'Verify_Rows_Cols' is not defined         no-undef
  41:45  warning  'beta_cap' is not defined                 no-undef
  44:5   warning  'hide_all_steps' is not defined           no-undef
  46:9   warning  'show_step' is not defined                no-undef
  54:19  warning  'Matrix' is not defined                   no-undef
  54:43  warning  'beta_cap' is not defined                 no-undef

/home/runner/work/exp-fitting-polynomial-iitb/exp-fitting-polynomial-iitb/experiment/simulation/js/activity1_p5.js
    1:10  warning  'activity1_p5' is defined but never used    no-unused-vars
    4:19  warning  'get_collapse_btn_text' is not defined      no-undef
    5:5   warning  'maindiv' is not defined                    no-undef
   21:30  warning  'beta_cap0' is not defined                  no-undef
   22:30  warning  'beta_cap1' is not defined                  no-undef
   23:30  warning  'beta_cap2' is not defined                  no-undef
   24:30  warning  'beta_cap3' is not defined                  no-undef
   25:30  warning  'beta_cap4' is not defined                  no-undef
   29:60  warning  'sum_x' is not defined                      no-undef
   29:68  warning  'N' is not defined                          no-undef
   30:60  warning  'sum_Y' is not defined                      no-undef
   30:68  warning  'N' is not defined                          no-undef
   49:5   warning  'MathJax' is not defined                    no-undef
   60:19  warning  'Verify_Rows_Cols' is not defined           no-undef
   60:44  warning  'act1_table_data_3' is not defined          no-undef
   64:5   warning  'hide_all_steps' is not defined             no-undef
   66:9   warning  'show_step' is not defined                  no-undef
   73:10  warning  'sxx_ssr' is defined but never used         no-unused-vars
  101:5   warning  'act1_table_data_3' is not defined          no-undef
  102:5   warning  'Sxx' is not defined                        no-undef
  103:5   warning  'SSr' is not defined                        no-undef
  104:25  warning  'x' is not defined                          no-undef
  105:9   warning  'y_dash' is not defined                     no-undef
  106:29  warning  'beta_cap' is not defined                   no-undef
  107:13  warning  'y_dash' is not defined                     no-undef
  107:23  warning  'beta_cap' is not defined                   no-undef
  107:49  warning  'x' is not defined                          no-undef
  110:17  warning  'x' is not defined                          no-undef
  111:17  warning  'Y' is not defined                          no-undef
  112:27  warning  'x' is not defined                          no-undef
  112:34  warning  'x_bar_val' is not defined                  no-undef
  113:27  warning  'Y' is not defined                          no-undef
  113:37  warning  'Y_bar_val' is not defined                  no-undef
  114:17  warning  'y_dash' is not defined                     no-undef
  115:27  warning  'Y' is not defined                          no-undef
  115:37  warning  'y_dash' is not defined                     no-undef
  116:9   warning  'act1_table_data_3' is not defined          no-undef
  117:9   warning  'Sxx' is not defined                        no-undef
  117:26  warning  'x' is not defined                          no-undef
  117:33  warning  'x_bar_val' is not defined                  no-undef
  118:9   warning  'SSr' is not defined                        no-undef
  118:26  warning  'Y' is not defined                          no-undef
  118:36  warning  'y_dash' is not defined                     no-undef
  121:10  warning  'verify_sxx_ssr' is defined but never used  no-unused-vars
  129:17  warning  'Sxx' is not defined                        no-undef
  129:22  warning  'SSr' is not defined                        no-undef
  130:10  warning  'verify_values' is not defined              no-undef
  130:51  warning  'Sxx' is not defined                        no-undef
  139:10  warning  'verify_values' is not defined              no-undef
  139:51  warning  'SSr' is not defined                        no-undef
  151:36  warning  'Sxx' is not defined                        no-undef
  152:36  warning  'SSr' is not defined                        no-undef
  153:5   warning  'activity1_p6' is not defined               no-undef

/home/runner/work/exp-fitting-polynomial-iitb/exp-fitting-polynomial-iitb/experiment/simulation/js/activity1_p6.js
    1:10  warning  'activity1_p6' is defined but never used  no-unused-vars
    4:19  warning  'get_collapse_btn_text' is not defined    no-undef
    5:5   warning  'maindiv' is not defined                  no-undef
   86:9   warning  'MathJax' is not defined                  no-undef
   91:29  warning  'alpha_dd_options' is not defined         no-undef
   92:33  warning  'alpha_dd_options' is not defined         no-undef
   92:65  warning  'alpha_dd_options' is not defined         no-undef
   96:5   warning  'hide_all_steps' is not defined           no-undef
   98:9   warning  'show_step' is not defined                no-undef
  102:10  warning  'set_alpha' is defined but never used     no-unused-vars
  107:9   warning  'alpha' is not defined                    no-undef
  110:51  warning  'alpha' is not defined                    no-undef
  111:9   warning  'activity1_p7' is not defined             no-undef
  115:9   warning  'alpha' is not defined                    no-undef

/home/runner/work/exp-fitting-polynomial-iitb/exp-fitting-polynomial-iitb/experiment/simulation/js/activity1_p7.js
    1:10  warning  'activity1_p7' is defined but never used  no-unused-vars
    2:19  warning  'get_collapse_btn_text' is not defined    no-undef
    3:5   warning  'maindiv' is not defined                  no-undef
   14:63  warning  'Sxx' is not defined                      no-undef
   15:62  warning  'SSr' is not defined                      no-undef
   47:19  warning  'Show_Table' is not defined               no-undef
   47:38  warning  'hypothesis_table' is not defined         no-undef
   49:22  warning  'MathJax' is not defined                  no-undef
   50:5   warning  'hide_all_steps' is not defined           no-undef
   52:9   warning  'show_step' is not defined                no-undef
   55:10  warning  'verify_t_0' is defined but never used    no-unused-vars
   59:13  warning  'X' is not defined                        no-undef
   61:31  warning  'Sxx' is not defined                      no-undef
   61:38  warning  'SSr' is not defined                      no-undef
   62:5   warning  'to' is not defined                       no-undef
   62:10  warning  'beta4' is not defined                    no-undef
   63:17  warning  'to' is not defined                       no-undef
   64:10  warning  'verify_values' is not defined            no-undef
   64:51  warning  'to' is not defined                       no-undef
   72:32  warning  'to' is not defined                       no-undef
   86:10  warning  'vf_tnp1' is defined but never used       no-unused-vars
   87:16  warning  'alpha' is not defined                    no-undef
   87:35  warning  'alpha' is not defined                    no-undef
   91:5   warning  't_n_p_1' is not defined                  no-undef
   91:15  warning  'hypothesis_table' is not defined         no-undef
   91:32  warning  'N' is not defined                        no-undef
   92:17  warning  't_n_p_1' is not defined                  no-undef
   93:10  warning  'verify_values' is not defined            no-undef
   93:47  warning  't_n_p_1' is not defined                  no-undef
   97:26  warning  't_n_p_1' is not defined                  no-undef
  101:5   warning  'activity1_p8' is not defined             no-undef

/home/runner/work/exp-fitting-polynomial-iitb/exp-fitting-polynomial-iitb/experiment/simulation/js/activity1_p8.js
   1:10  warning  'activity1_p8' is defined but never used    no-unused-vars
   2:19  warning  'get_collapse_btn_text' is not defined      no-undef
   3:5   warning  'maindiv' is not defined                    no-undef
   9:38  warning  'to' is not defined                         no-undef
   9:79  warning  't_n_p_1' is not defined                    no-undef
  35:5   warning  'hide_all_steps' is not defined             no-undef
  37:9   warning  'show_step' is not defined                  no-undef
  41:18  warning  'to' is not defined                         no-undef
  41:24  warning  't_n_p_1' is not defined                    no-undef
  42:9   warning  'hypo_test_reject_op' is not defined        no-undef
  45:9   warning  'hypo_test_reject_op' is not defined        no-undef
  48:10  warning  'vf_null_hypo' is defined but never used    no-unused-vars
  51:9   warning  'hypo_test_reject_op' is not defined        no-undef
  54:14  warning  'hypo_test_reject_op' is not defined        no-undef
  57:25  warning  'hypo_test_reject_op' is not defined        no-undef
  60:42  warning  'act2_find_null_hypothesis' is not defined  no-undef
  63:43  warning  'act2_find_null_hypothesis' is not defined  no-undef
  64:9   warning  'activity2' is not defined                  no-undef

/home/runner/work/exp-fitting-polynomial-iitb/exp-fitting-polynomial-iitb/experiment/simulation/js/activity2.js
    1:10  warning  'activity2' is defined but never used                     no-unused-vars
   22:5   warning  'maindiv' is not defined                                  no-undef
   25:10  warning  'start_act2' is defined but never used                    no-unused-vars
   28:20  warning  'get_collapse_btn_text' is not defined                    no-undef
   39:49  warning  'N' is not defined                                        no-undef
   53:5   warning  'maindiv' is not defined                                  no-undef
   54:5   warning  'hide_all_steps' is not defined                           no-undef
   56:9   warning  'show_step' is not defined                                no-undef
   60:10  warning  'act2_internal_calculations_1' is defined but never used  no-unused-vars
   61:5   warning  'Y01' is not defined                                      no-undef
   62:5   warning  'sum_Y1' is not defined                                   no-undef
   64:25  warning  'x' is not defined                                        no-undef
   65:9   warning  'Y01' is not defined                                      no-undef
   65:18  warning  'beta0' is not defined                                    no-undef
   65:26  warning  'beta1' is not defined                                    no-undef
   65:34  warning  'x' is not defined                                        no-undef
   65:41  warning  'beta2' is not defined                                    no-undef
   65:58  warning  'x' is not defined                                        no-undef
   65:69  warning  'beta3' is not defined                                    no-undef
   65:86  warning  'x' is not defined                                        no-undef
   67:24  warning  'Y01' is not defined                                      no-undef
   69:22  warning  'Y01' is not defined                                      no-undef
   70:5   warning  'Y1' is not defined                                       no-undef
   71:25  warning  'Y01' is not defined                                      no-undef
   73:18  warning  'Y01' is not defined                                      no-undef
   73:27  warning  'Y01' is not defined                                      no-undef
   73:45  warning  'epsilon' is not defined                                  no-undef
   74:9   warning  'Y1' is not defined                                       no-undef
   75:9   warning  'sum_Y1' is not defined                                   no-undef
   75:19  warning  'Y1' is not defined                                       no-undef
   77:23  warning  'Y1' is not defined                                       no-undef
   78:24  warning  'Y01' is not defined                                      no-undef
   79:27  warning  'sum_Y1' is not defined                                   no-undef
  114:39  warning  'x_bar_val' is not defined                                no-undef
  123:39  warning  'Y_bar_val' is not defined                                no-undef
  132:41  warning  'Y1_bar_val' is not defined                               no-undef
  159:22  warning  'MathJax' is not defined                                  no-undef
  161:10  warning  'act2_verify_x_y_bar' is defined but never used           no-unused-vars
  166:5   warning  'Y1_bar_val' is not defined                               no-undef
  166:18  warning  'sum_Y1' is not defined                                   no-undef
  166:27  warning  'N' is not defined                                        no-undef
  167:27  warning  'Y1_bar_val' is not defined                               no-undef
  168:10  warning  'verify_values' is not defined                            no-undef
  168:54  warning  'Y1_bar_val' is not defined                               no-undef
  176:5   warning  'activity2_p1' is not defined                             no-undef
  182:25  warning  'Y' is not defined                                        no-undef
  183:21  warning  'x' is not defined                                        no-undef
  184:35  warning  'x' is not defined                                        no-undef
  185:35  warning  'Y' is not defined                                        no-undef
  186:36  warning  'Y1' is not defined                                       no-undef

/home/runner/work/exp-fitting-polynomial-iitb/exp-fitting-polynomial-iitb/experiment/simulation/js/activity2_p1.js
    1:10  warning  'activity2_p1' is defined but never used       no-unused-vars
    2:19  warning  'get_collapse_btn_text' is not defined         no-undef
    3:5   warning  'maindiv' is not defined                       no-undef
   14:20  warning  Unnecessary escape character: \→               no-useless-escape
   14:34  warning  Unnecessary escape character: \→               no-useless-escape
   14:55  warning  Unnecessary escape character: \→               no-useless-escape
   14:81  warning  Unnecessary escape character: \→               no-useless-escape
   21:18  warning  Unnecessary escape character: \×               no-useless-escape
   22:18  warning  Unnecessary escape character: \×               no-useless-escape
   23:18  warning  Unnecessary escape character: \×               no-useless-escape
   25:18  warning  Unnecessary escape character: \×               no-useless-escape
   38:9   warning  'MathJax' is not defined                       no-undef
   46:5   warning  'X1' is not defined                            no-undef
   47:25  warning  'x' is not defined                             no-undef
   48:18  warning  'x' is not defined                             no-undef
   49:27  warning  'x' is not defined                             no-undef
   50:27  warning  'x' is not defined                             no-undef
   51:9   warning  'X1' is not defined                            no-undef
   59:25  warning  'Verify_Rows_Cols' is not defined              no-undef
   59:50  warning  'X1' is not defined                            no-undef
   64:5   warning  'hide_all_steps' is not defined                no-undef
   66:9   warning  'show_step' is not defined                     no-undef
   73:5   warning  'X1T' is not defined                           no-undef
   73:11  warning  'transpose_matrix' is not defined              no-undef
   73:28  warning  'X1' is not defined                            no-undef
   74:5   warning  'X1T_X1' is not defined                        no-undef
   74:14  warning  'matrix_multiplication' is not defined         no-undef
   74:36  warning  'X1T' is not defined                           no-undef
   74:41  warning  'X1' is not defined                            no-undef
   75:19  warning  'Matrix' is not defined                        no-undef
   75:33  warning  'X1' is not defined                            no-undef
   77:27  warning  'X1T_X1' is not defined                        no-undef
   80:10  warning  'a2_p1_show_matrix' is defined but never used  no-unused-vars
  100:19  warning  'Verify_Rows_Cols' is not defined              no-undef
  100:40  warning  'X1T_X1' is not defined                        no-undef
  107:19  warning  'Matrix' is not defined                        no-undef
  107:38  warning  'X1T_X1' is not defined                        no-undef

/home/runner/work/exp-fitting-polynomial-iitb/exp-fitting-polynomial-iitb/experiment/simulation/js/activity2_p2.js
   1:10  warning  'activity2_p2' is defined but never used      no-unused-vars
   4:19  warning  'get_collapse_btn_text' is not defined        no-undef
   5:5   warning  'maindiv' is not defined                      no-undef
  20:5   warning  'X1T_X1_1' is not defined                     no-undef
  20:16  warning  'inverse_matrix' is not defined               no-undef
  20:31  warning  'X1T_X1' is not defined                       no-undef
  21:29  warning  'X1T_X1_1' is not defined                     no-undef
  22:27  warning  'Verify_Rows_Cols' is not defined             no-undef
  22:48  warning  'X1T_X1_1' is not defined                     no-undef
  24:5   warning  'hide_all_steps' is not defined               no-undef
  26:9   warning  'show_step' is not defined                    no-undef
  32:5   warning  'X1T_X1_1_X1T' is not defined                 no-undef
  32:20  warning  'matrix_multiplication' is not defined        no-undef
  32:42  warning  'X1T_X1_1' is not defined                     no-undef
  32:52  warning  'X1T' is not defined                          no-undef
  34:27  warning  'Matrix' is not defined                       no-undef
  34:53  warning  'X1T_X1_1' is not defined                     no-undef
  38:10  warning  'act2_next_matrix' is defined but never used  no-unused-vars
  43:19  warning  'Matrix' is not defined                       no-undef
  43:35  warning  'X1T' is not defined                          no-undef
  58:27  warning  'Verify_Rows_Cols' is not defined             no-undef
  58:48  warning  'X1T_X1_1_X1T' is not defined                 no-undef
  65:19  warning  'Matrix' is not defined                       no-undef
  65:50  warning  'X1T_X1_1_X1T' is not defined                 no-undef

/home/runner/work/exp-fitting-polynomial-iitb/exp-fitting-polynomial-iitb/experiment/simulation/js/activity2_p3.js
   1:10  warning  'activity2_p3' is defined but never used  no-unused-vars
   4:19  warning  'get_collapse_btn_text' is not defined    no-undef
   5:5   warning  'maindiv' is not defined                  no-undef
  25:9   warning  'MathJax' is not defined                  no-undef
  29:22  warning  'Matrix' is not defined                   no-undef
  29:36  warning  'Y1' is not defined                       no-undef
  31:5   warning  'beta1_cap' is not defined                no-undef
  31:17  warning  'matrix_multiplication' is not defined    no-undef
  31:39  warning  'X1T_X1_1_X1T' is not defined             no-undef
  31:53  warning  'Y1' is not defined                       no-undef
  32:5   warning  'beta1_cap0' is not defined               no-undef
  32:18  warning  'beta1_cap' is not defined                no-undef
  33:5   warning  'beta1_cap1' is not defined               no-undef
  33:18  warning  'beta1_cap' is not defined                no-undef
  34:5   warning  'beta1_cap2' is not defined               no-undef
  34:18  warning  'beta1_cap' is not defined                no-undef
  35:5   warning  'beta1_cap3' is not defined               no-undef
  35:18  warning  'beta1_cap' is not defined                no-undef
  36:24  warning  'Verify_Rows_Cols' is not defined         no-undef
  36:45  warning  'beta1_cap' is not defined                no-undef
  38:5   warning  'hide_all_steps' is not defined           no-undef
  40:9   warning  'show_step' is not defined                no-undef
  47:19  warning  'Matrix' is not defined                   no-undef
  47:45  warning  'beta1_cap' is not defined                no-undef

/home/runner/work/exp-fitting-polynomial-iitb/exp-fitting-polynomial-iitb/experiment/simulation/js/activity2_p4.js
    1:10   warning  'activity2_p4' is defined but never used  no-unused-vars
    4:19   warning  'get_collapse_btn_text' is not defined    no-undef
    5:5    warning  'maindiv' is not defined                  no-undef
   28:30   warning  'beta_cap0' is not defined                no-undef
   29:30   warning  'beta_cap1' is not defined                no-undef
   30:30   warning  'beta_cap2' is not defined                no-undef
   31:30   warning  'beta_cap3' is not defined                no-undef
   32:30   warning  'beta_cap4' is not defined                no-undef
   36:33   warning  'beta1_cap0' is not defined               no-undef
   37:33   warning  'beta1_cap1' is not defined               no-undef
   38:33   warning  'beta1_cap2' is not defined               no-undef
   39:33   warning  'beta1_cap3' is not defined               no-undef
   43:60   warning  'sum_x' is not defined                    no-undef
   43:68   warning  'N' is not defined                        no-undef
   44:60   warning  'sum_Y' is not defined                    no-undef
   44:68   warning  'N' is not defined                        no-undef
   45:64   warning  'sum_Y1' is not defined                   no-undef
   45:73   warning  'N' is not defined                        no-undef
   51:117  warning  'y_dash' is not defined                   no-undef
   67:22   warning  'MathJax' is not defined                  no-undef
   82:19   warning  'Verify_Rows_Cols' is not defined         no-undef
   82:44   warning  'a2_p2_table_data' is not defined         no-undef
   85:5    warning  'hide_all_steps' is not defined           no-undef
   87:9    warning  'show_step' is not defined                no-undef
   94:10   warning  'show_rss' is defined but never used      no-unused-vars
  120:10   warning  'verify_rss' is defined but never used    no-unused-vars
  125:25   warning  'RSS4' is not defined                     no-undef
  126:25   warning  'RSS3' is not defined                     no-undef
  127:10   warning  'verify_values' is not defined            no-undef
  127:52   warning  'RSS4' is not defined                     no-undef
  136:10   warning  'verify_values' is not defined            no-undef
  136:52   warning  'RSS3' is not defined                     no-undef
  148:37   warning  'RSS3' is not defined                     no-undef
  149:37   warning  'RSS4' is not defined                     no-undef
  150:5    warning  'activity2_p5' is not defined             no-undef
  153:5    warning  'a2_p2_table_data' is not defined         no-undef
  154:5    warning  'RSS3' is not defined                     no-undef
  155:5    warning  'RSS4' is not defined                     no-undef
  156:25   warning  'X' is not defined                        no-undef
  157:9    warning  'y1_dash' is not defined                  no-undef
  158:29   warning  'beta1_cap' is not defined                no-undef
  159:13   warning  'y1_dash' is not defined                  no-undef
  159:24   warning  'beta1_cap' is not defined                no-undef
  159:51   warning  'x' is not defined                        no-undef
  162:17   warning  'x' is not defined                        no-undef
  163:17   warning  'Y' is not defined                        no-undef
  164:17   warning  'Y1' is not defined                       no-undef
  165:27   warning  'x' is not defined                        no-undef
  165:34   warning  'x_bar_val' is not defined                no-undef
  166:27   warning  'Y' is not defined                        no-undef
  166:37   warning  'Y_bar_val' is not defined                no-undef
  167:27   warning  'Y1' is not defined                       no-undef
  167:38   warning  'Y1_bar_val' is not defined               no-undef
  168:17   warning  'y_dash' is not defined                   no-undef
  169:17   warning  'y1_dash' is not defined                  no-undef
  170:27   warning  'Y1' is not defined                       no-undef
  170:38   warning  'y1_dash' is not defined                  no-undef
  171:27   warning  'Y' is not defined                        no-undef
  171:37   warning  'y_dash' is not defined                   no-undef
  172:9    warning  'a2_p2_table_data' is not defined         no-undef
  173:9    warning  'RSS4' is not defined                     no-undef
  173:27   warning  'Y' is not defined                        no-undef
  173:37   warning  'y_dash' is not defined                   no-undef
  174:9    warning  'RSS3' is not defined                     no-undef
  174:27   warning  'Y1' is not defined                       no-undef
  174:38   warning  'y1_dash' is not defined                  no-undef

/home/runner/work/exp-fitting-polynomial-iitb/exp-fitting-polynomial-iitb/experiment/simulation/js/activity2_p5.js
    1:10  warning  'activity2_p5' is defined but never used  no-unused-vars
    4:19  warning  'get_collapse_btn_text' is not defined    no-undef
    5:5   warning  'maindiv' is not defined                  no-undef
   86:9   warning  'MathJax' is not defined                  no-undef
   91:29  warning  'alpha_dd_options' is not defined         no-undef
   92:33  warning  'alpha_dd_options' is not defined         no-undef
   92:65  warning  'alpha_dd_options' is not defined         no-undef
   96:5   warning  'hide_all_steps' is not defined           no-undef
   97:22  warning  'show_step' is not defined                no-undef
  100:10  warning  'a2_set_alpha' is defined but never used  no-unused-vars
  105:9   warning  'a2_alpha' is not defined                 no-undef
  108:51  warning  'a2_alpha' is not defined                 no-undef
  109:9   warning  'activity2_p6' is not defined             no-undef
  113:9   warning  'a2_alpha' is not defined                 no-undef

/home/runner/work/exp-fitting-polynomial-iitb/exp-fitting-polynomial-iitb/experiment/simulation/js/activity2_p6.js
    1:10  warning  'activity2_p6' is defined but never used  no-unused-vars
    2:19  warning  'get_collapse_btn_text' is not defined    no-undef
    3:5   warning  'maindiv' is not defined                  no-undef
   28:19  warning  'Show_Table' is not defined               no-undef
   28:38  warning  'f_distribution_table' is not defined     no-undef
   30:5   warning  'hide_all_steps' is not defined           no-undef
   32:9   warning  'show_step' is not defined                no-undef
   35:10  warning  'vf_fnpq1' is defined but never used      no-unused-vars
   36:16  warning  'a2_alpha' is not defined                 no-undef
   36:38  warning  'a2_alpha' is not defined                 no-undef
   40:5   warning  'fnpq1' is not defined                    no-undef
   40:13  warning  'f_distribution_table' is not defined     no-undef
   40:34  warning  'N' is not defined                        no-undef
   41:26  warning  'fnpq1' is not defined                    no-undef
   42:10  warning  'verify_values' is not defined            no-undef
   42:47  warning  'fnpq1' is not defined                    no-undef
   46:27  warning  'fnpq1' is not defined                    no-undef
   54:5   warning  'f0' is not defined                       no-undef
   54:12  warning  'N' is not defined                        no-undef
   54:22  warning  'RSS3' is not defined                     no-undef
   54:29  warning  'RSS4' is not defined                     no-undef
   54:38  warning  'RSS4' is not defined                     no-undef
   60:75  warning  'RSS4' is not defined                     no-undef
   62:74  warning  'RSS3' is not defined                     no-undef
   86:9   warning  'MathJax' is not defined                  no-undef
   89:10  warning  'verify_f_0' is defined but never used    no-unused-vars
   93:23  warning  'f0' is not defined                       no-undef
   94:10  warning  'verify_values' is not defined            no-undef
   94:47  warning  'f0' is not defined                       no-undef
  100:32  warning  'f0' is not defined                       no-undef
  102:5   warning  'activity2_p7' is not defined             no-undef

/home/runner/work/exp-fitting-polynomial-iitb/exp-fitting-polynomial-iitb/experiment/simulation/js/activity2_p7.js
   1:10  warning  'activity2_p7' is defined but never used       no-unused-vars
   2:19  warning  'get_collapse_btn_text' is not defined         no-undef
   3:5   warning  'maindiv' is not defined                       no-undef
   9:38  warning  'f0' is not defined                            no-undef
   9:79  warning  'fnpq1' is not defined                         no-undef
  35:5   warning  'hide_all_steps' is not defined                no-undef
  37:9   warning  'show_step' is not defined                     no-undef
  41:18  warning  'f0' is not defined                            no-undef
  41:24  warning  'fnpq1' is not defined                         no-undef
  42:9   warning  'hypo_test_reject_op' is not defined           no-undef
  45:9   warning  'hypo_test_reject_op' is not defined           no-undef
  48:10  warning  'act2_vf_null_hypo' is defined but never used  no-unused-vars
  51:9   warning  'hypo_test_reject_op' is not defined           no-undef
  54:14  warning  'hypo_test_reject_op' is not defined           no-undef
  57:25  warning  'hypo_test_reject_op' is not defined           no-undef
  64:9   warning  'activity2_p8' is not defined                  no-undef

/home/runner/work/exp-fitting-polynomial-iitb/exp-fitting-polynomial-iitb/experiment/simulation/js/activity2_p8.js
   1:10  warning  'activity2_p8' is defined but never used  no-unused-vars
   2:19  warning  'get_collapse_btn_text' is not defined    no-undef
   3:5   warning  'maindiv' is not defined                  no-undef
  48:5   warning  'hide_all_steps' is not defined           no-undef
  50:9   warning  'show_step' is not defined                no-undef

/home/runner/work/exp-fitting-polynomial-iitb/exp-fitting-polynomial-iitb/experiment/simulation/js/data.js
    3:5  warning  'alpha_dd_options' is assigned a value but never used      no-unused-vars
    4:5  warning  'alpha' is assigned a value but never used                 no-unused-vars
    5:5  warning  'x' is assigned a value but never used                     no-unused-vars
    9:5  warning  'Y' is assigned a value but never used                     no-unused-vars
   31:5  warning  'beta0' is assigned a value but never used                 no-unused-vars
   32:5  warning  'beta1' is assigned a value but never used                 no-unused-vars
   33:5  warning  'beta2' is assigned a value but never used                 no-unused-vars
   34:5  warning  'beta3' is assigned a value but never used                 no-unused-vars
   35:5  warning  'beta4' is assigned a value but never used                 no-unused-vars
   36:5  warning  'beta_cap0' is assigned a value but never used             no-unused-vars
   37:5  warning  'beta_cap1' is assigned a value but never used             no-unused-vars
   38:5  warning  'beta_cap2' is assigned a value but never used             no-unused-vars
   39:5  warning  'beta_cap3' is assigned a value but never used             no-unused-vars
   40:5  warning  'beta_cap4' is assigned a value but never used             no-unused-vars
   41:5  warning  'Y0' is assigned a value but never used                    no-unused-vars
   49:5  warning  'epsilon' is assigned a value but never used               no-unused-vars
   58:5  warning  'X' is assigned a value but never used                     no-unused-vars
   80:5  warning  'XT' is assigned a value but never used                    no-unused-vars
  101:5  warning  'XT_X' is assigned a value but never used                  no-unused-vars
  108:5  warning  'XT_X_1' is assigned a value but never used                no-unused-vars
  115:5  warning  'XT_X_1_XT' is assigned a value but never used             no-unused-vars
  137:5  warning  'beta_cap' is assigned a value but never used              no-unused-vars
  138:5  warning  'act1_table_data_2' is assigned a value but never used     no-unused-vars
  162:5  warning  'sum_XX' is assigned a value but never used                no-unused-vars
  163:5  warning  'sum_XY' is assigned a value but never used                no-unused-vars
  164:5  warning  'Sxx' is assigned a value but never used                   no-unused-vars
  165:5  warning  'SSr' is assigned a value but never used                   no-unused-vars
  166:5  warning  'mat_A' is assigned a value but never used                 no-unused-vars
  170:5  warning  'mat_x' is assigned a value but never used                 no-unused-vars
  171:5  warning  'mat_B' is assigned a value but never used                 no-unused-vars
  172:5  warning  'X_avg' is assigned a value but never used                 no-unused-vars
  173:5  warning  'Y_avg' is assigned a value but never used                 no-unused-vars
  174:5  warning  'x_bar_val' is assigned a value but never used             no-unused-vars
  175:5  warning  'Y_bar_val' is assigned a value but never used             no-unused-vars
  176:5  warning  'y_dash' is assigned a value but never used                no-unused-vars
  179:5  warning  'syy' is assigned a value but never used                   no-unused-vars
  180:5  warning  'sxy' is assigned a value but never used                   no-unused-vars
  182:5  warning  'smres' is assigned a value but never used                 no-unused-vars
  183:5  warning  'r2' is assigned a value but never used                    no-unused-vars
  185:5  warning  'to' is assigned a value but never used                    no-unused-vars
  187:5  warning  'hypothesis_table' is assigned a value but never used      no-unused-vars
  205:5  warning  't_n_p_1' is assigned a value but never used               no-unused-vars
  207:5  warning  'hypo_test_reject_op' is assigned a value but never used   no-unused-vars
  208:5  warning  'act1_table_data_3' is assigned a value but never used     no-unused-vars
  210:5  warning  'Y01' is assigned a value but never used                   no-unused-vars
  217:5  warning  'Y1' is assigned a value but never used                    no-unused-vars
  240:5  warning  'Y1_bar_val' is assigned a value but never used            no-unused-vars
  241:5  warning  'X1' is assigned a value but never used                    no-unused-vars
  263:5  warning  'X1T' is assigned a value but never used                   no-unused-vars
  279:5  warning  'X1T_X1' is assigned a value but never used                no-unused-vars
  285:5  warning  'X1T_X1_1' is assigned a value but never used              no-unused-vars
  291:5  warning  'X1T_X1_1_X1T' is assigned a value but never used          no-unused-vars
  309:5  warning  'beta1_cap' is assigned a value but never used             no-unused-vars
  310:5  warning  'beta1_cap0' is assigned a value but never used            no-unused-vars
  311:5  warning  'beta1_cap1' is assigned a value but never used            no-unused-vars
  312:5  warning  'beta1_cap2' is assigned a value but never used            no-unused-vars
  313:5  warning  'beta1_cap3' is assigned a value but never used            no-unused-vars
  314:5  warning  'a2_p2_table_data' is assigned a value but never used      no-unused-vars
  315:5  warning  'RSS4' is assigned a value but never used                  no-unused-vars
  316:5  warning  'RSS3' is assigned a value but never used                  no-unused-vars
  317:5  warning  'y1_dash' is assigned a value but never used               no-unused-vars
  318:5  warning  'a2_alpha' is assigned a value but never used              no-unused-vars
  321:5  warning  'f_distribution_table' is assigned a value but never used  no-unused-vars
  334:5  warning  'fnpq1' is assigned a value but never used                 no-unused-vars
  335:5  warning  'f0' is assigned a value but never used                    no-unused-vars

✖ 727 problems (0 errors, 727 warnings)

